<?xml version="1.0" encoding="UTF-8"?>
<!-- Generated by org.testng.reporters.JUnitReportReporter -->
<testsuite hostname="DESKTOP-VAQKFJ2" failures="0" tests="1" name="demo.ProblemAutomation" time="36.129" errors="0" timestamp="2024-08-03T01:14:31 IST" skipped="0">
  <testcase classname="demo.ProblemAutomation" name="getProblemList" time="36.129"/>
</testsuite> <!-- demo.ProblemAutomation -->
