<?xml version="1.0" encoding="UTF-8"?>
<!-- Generated by org.testng.reporters.JUnitReportReporter -->
<testsuite hostname="DESKTOP-VAQKFJ2" failures="0" tests="1" name="com.zoho.mail.Escalation_WhatsAppAndMail_Excel_1" time="0.082" errors="0" timestamp="2024-08-30T20:14:09 IST" skipped="0">
  <testcase classname="com.zoho.mail.Escalation_WhatsAppAndMail_Excel_1" name="run" time="0.082"/>
  <system-out/>
</testsuite> <!-- com.zoho.mail.Escalation_WhatsAppAndMail_Excel_1 -->
